
2019-11-03 17:45:45 [TestNG-PoolService-0] INFO  Search:154 - resultaddress is: 12512 Brighton Place Tustin, CA 92780
2019-11-03 17:45:56 [TestNG-PoolService-0] INFO  FilterMoreResults_Page:877 - verify filter keyword - scroll property description text into view.
2019-11-03 17:45:56 [TestNG-PoolService-0] INFO  FilterMoreResults_Page:883 - It filtered by keyword correctly
2019-11-03 17:46:19 [TestNG-PoolService-0] INFO  FilterMoreResults_Page:541 - It filtered by square feet correctly
2019-11-03 17:46:26 [TestNG-PoolService-0] INFO  FilterMoreResults_Page:838 - min year: 2000
2019-11-03 17:46:26 [TestNG-PoolService-0] INFO  FilterMoreResults_Page:839 - max year 2017
2019-11-03 17:46:26 [TestNG-PoolService-0] INFO  FilterMoreResults_Page:840 - prop1_year is : 2015
2019-11-03 17:46:26 [TestNG-PoolService-0] INFO  FilterMoreResults_Page:845 - It filtered by year correctly
2019-11-03 18:07:53 [TestNG-PoolService-0] INFO  Search:154 - resultaddress is: 12512 Brighton Place Tustin, CA 92780
2019-11-03 18:08:09 [TestNG-PoolService-0] INFO  FilterMoreResults_Page:877 - verify filter keyword - scroll property description text into view.
2019-11-03 18:08:09 [TestNG-PoolService-0] INFO  FilterMoreResults_Page:883 - It filtered by keyword correctly
2019-11-03 18:08:30 [TestNG-PoolService-0] INFO  FilterMoreResults_Page:541 - It filtered by square feet correctly
2019-11-03 18:08:38 [TestNG-PoolService-0] INFO  FilterMoreResults_Page:838 - min year: 2000
2019-11-03 18:08:38 [TestNG-PoolService-0] INFO  FilterMoreResults_Page:839 - max year 2017
2019-11-03 18:08:38 [TestNG-PoolService-0] INFO  FilterMoreResults_Page:840 - prop1_year is : 2015
2019-11-03 18:08:38 [TestNG-PoolService-0] INFO  FilterMoreResults_Page:845 - It filtered by year correctly
2019-11-03 18:10:20 [TestNG-PoolService-0] INFO  Search:154 - resultaddress is: 12512 Brighton Place Tustin, CA 92780
2019-11-03 18:10:30 [TestNG-PoolService-0] INFO  FilterMoreResults_Page:877 - verify filter keyword - scroll property description text into view.
2019-11-03 18:10:30 [TestNG-PoolService-0] INFO  FilterMoreResults_Page:883 - It filtered by keyword correctly
2019-11-03 18:10:50 [TestNG-PoolService-0] INFO  FilterMoreResults_Page:541 - It filtered by square feet correctly
2019-11-03 18:11:02 [TestNG-PoolService-0] INFO  FilterMoreResults_Page:838 - min year: 2000
2019-11-03 18:11:02 [TestNG-PoolService-0] INFO  FilterMoreResults_Page:839 - max year 2017
2019-11-03 18:11:02 [TestNG-PoolService-0] INFO  FilterMoreResults_Page:840 - prop1_year is : 2015
2019-11-03 18:11:02 [TestNG-PoolService-0] INFO  FilterMoreResults_Page:845 - It filtered by year correctly
2019-11-03 18:11:36 [TestNG-PoolService-0] INFO  Search:154 - resultaddress is: 12512 Brighton Place Tustin, CA 92780
2019-11-03 18:11:49 [TestNG-PoolService-0] INFO  FilterMoreResults_Page:877 - verify filter keyword - scroll property description text into view.
2019-11-03 18:11:49 [TestNG-PoolService-0] INFO  FilterMoreResults_Page:883 - It filtered by keyword correctly
2019-11-03 18:12:06 [TestNG-PoolService-0] INFO  FilterMoreResults_Page:541 - It filtered by square feet correctly
2019-11-03 18:12:17 [TestNG-PoolService-0] INFO  FilterMoreResults_Page:838 - min year: 2000
2019-11-03 18:12:17 [TestNG-PoolService-0] INFO  FilterMoreResults_Page:839 - max year 2017
2019-11-03 18:12:17 [TestNG-PoolService-0] INFO  FilterMoreResults_Page:840 - prop1_year is : 2015
2019-11-03 18:12:17 [TestNG-PoolService-0] INFO  FilterMoreResults_Page:845 - It filtered by year correctly
